0 info it worked if it ends with ok
1 verbose cli [ '/Users/abhiaiyer/.nvm/versions/node/v6.9.1/bin/node',
1 verbose cli   '/Users/abhiaiyer/.nvm/versions/node/v6.9.1/bin/npm',
1 verbose cli   'run',
1 verbose cli   'cli',
1 verbose cli   '--',
1 verbose cli   'list' ]
2 info using npm@3.10.8
3 info using node@v6.9.1
4 verbose run-script [ 'precli', 'cli', 'postcli' ]
5 info lifecycle node-cli-app@0.0.0~precli: node-cli-app@0.0.0
6 silly lifecycle node-cli-app@0.0.0~precli: no script for precli, continuing
7 info lifecycle node-cli-app@0.0.0~cli: node-cli-app@0.0.0
8 verbose lifecycle node-cli-app@0.0.0~cli: unsafe-perm in lifecycle true
9 verbose lifecycle node-cli-app@0.0.0~cli: PATH: /Users/abhiaiyer/.nvm/versions/node/v6.9.1/lib/node_modules/npm/bin/node-gyp-bin:/Users/abhiaiyer/Projects/prisma-org/prisma-examples/typescript-cli-app/node_modules/.bin:/Users/abhiaiyer/Downloads/google-cloud-sdk/bin:/Users/abhiaiyer/.nvm/versions/node/v6.9.1/bin:/Users/abhiaiyer/bin:/usr/local/bin:/usr/local/bin:/usr/bin:/bin:/usr/sbin:/sbin
10 verbose lifecycle node-cli-app@0.0.0~cli: CWD: /Users/abhiaiyer/Projects/prisma-org/prisma-examples/typescript-cli-app
11 silly lifecycle node-cli-app@0.0.0~cli: Args: [ '-c', 'ts-node src/usage.ts "list"' ]
12 silly lifecycle node-cli-app@0.0.0~cli: Returned: code: 1  signal: null
13 info lifecycle node-cli-app@0.0.0~cli: Failed to exec cli script
14 verbose stack Error: node-cli-app@0.0.0 cli: `ts-node src/usage.ts "list"`
14 verbose stack Exit status 1
14 verbose stack     at EventEmitter.<anonymous> (/Users/abhiaiyer/.nvm/versions/node/v6.9.1/lib/node_modules/npm/lib/utils/lifecycle.js:255:16)
14 verbose stack     at emitTwo (events.js:106:13)
14 verbose stack     at EventEmitter.emit (events.js:191:7)
14 verbose stack     at ChildProcess.<anonymous> (/Users/abhiaiyer/.nvm/versions/node/v6.9.1/lib/node_modules/npm/lib/utils/spawn.js:40:14)
14 verbose stack     at emitTwo (events.js:106:13)
14 verbose stack     at ChildProcess.emit (events.js:191:7)
14 verbose stack     at maybeClose (internal/child_process.js:877:16)
14 verbose stack     at Process.ChildProcess._handle.onexit (internal/child_process.js:226:5)
15 verbose pkgid node-cli-app@0.0.0
16 verbose cwd /Users/abhiaiyer/Projects/prisma-org/prisma-examples/typescript-cli-app
17 error Darwin 17.6.0
18 error argv "/Users/abhiaiyer/.nvm/versions/node/v6.9.1/bin/node" "/Users/abhiaiyer/.nvm/versions/node/v6.9.1/bin/npm" "run" "cli" "--" "list"
19 error node v6.9.1
20 error npm  v3.10.8
21 error code ELIFECYCLE
22 error node-cli-app@0.0.0 cli: `ts-node src/usage.ts "list"`
22 error Exit status 1
23 error Failed at the node-cli-app@0.0.0 cli script 'ts-node src/usage.ts "list"'.
23 error Make sure you have the latest version of node.js and npm installed.
23 error If you do, this is most likely a problem with the node-cli-app package,
23 error not with npm itself.
23 error Tell the author that this fails on your system:
23 error     ts-node src/usage.ts "list"
23 error You can get information on how to open an issue for this project with:
23 error     npm bugs node-cli-app
23 error Or if that isn't available, you can get their info via:
23 error     npm owner ls node-cli-app
23 error There is likely additional logging output above.
24 verbose exit [ 1, true ]
